[05:43:37] [ServerMain/INFO]: [bootstrap] Running Java 21 (OpenJDK 64-Bit Server VM 21.0.5+11-Ubuntu-1ubuntu120.04; Ubuntu null) on Linux 6.5.0-1025-azure (amd64)
[05:43:37] [ServerMain/INFO]: [bootstrap] Loading Paper 1.21-130-master@b1b5d4c (2024-08-10T10:02:42Z) for Minecraft 1.21
[05:43:37] [ServerMain/INFO]: [PluginInitializerManager] Initializing plugins...
[05:43:37] [ServerMain/INFO]: [PluginInitializerManager] Initialized 0 plugins
[05:43:42] [ServerMain/INFO]: Environment: Environment[sessionHost=https://sessionserver.mojang.com, servicesHost=https://api.minecraftservices.com, name=PROD]
[05:43:43] [ServerMain/INFO]: Loaded 1290 recipes
[05:43:44] [ServerMain/INFO]: Loaded 1399 advancements
[05:43:44] [Server thread/INFO]: Starting minecraft server version 1.21
[05:43:44] [Server thread/INFO]: Loading properties
[05:43:44] [Server thread/INFO]: This server is running Paper version 1.21-130-master@b1b5d4c (2024-08-10T10:02:42Z) (Implementing API version 1.21-R0.1-SNAPSHOT)
[05:43:45] [Server thread/INFO]: [spark] This server bundles the spark profiler. For more information please visit https://docs.papermc.io/paper/profiling
[05:43:45] [Server thread/INFO]: Server Ping Player Sample Count: 12
[05:43:45] [Server thread/INFO]: Using 4 threads for Netty based IO
[05:43:45] [Server thread/INFO]: [ChunkTaskScheduler] Chunk system is using 1 I/O threads, 1 worker threads, and population gen parallelism of 1 threads
[05:43:46] [Server thread/INFO]: Default game type: SURVIVAL
[05:43:46] [Server thread/INFO]: Generating keypair
[05:43:46] [Server thread/INFO]: Starting Minecraft server on *:25565
[05:43:46] [Server thread/INFO]: Using epoll channel type
[05:43:46] [Server thread/INFO]: Paper: Using libdeflate (Linux x86_64) compression from Velocity.
[05:43:46] [Server thread/INFO]: Paper: Using OpenSSL 1.1.x (Linux x86_64) cipher from Velocity.
[05:43:46] [Server thread/INFO]: Server permissions file permissions.yml is empty, ignoring it
[05:43:46] [Server thread/WARN]: **** SERVER IS RUNNING IN OFFLINE/INSECURE MODE!
[05:43:46] [Server thread/WARN]: The server will make no attempt to authenticate usernames. Beware.
[05:43:46] [Server thread/WARN]: While this makes the game possible to play without internet access, it also opens up the ability for hackers to connect with any username they choose.
[05:43:46] [Server thread/WARN]: To change this, set "online-mode" to "true" in the server.properties file.
[05:43:46] [Server thread/INFO]: Preparing level "world"
[05:43:46] [Server thread/INFO]: Preparing start region for dimension minecraft:overworld
[05:43:48] [Server thread/INFO]: Time elapsed: 1370 ms
[05:43:48] [Server thread/INFO]: Preparing start region for dimension minecraft:the_nether
[05:43:48] [Server thread/INFO]: Time elapsed: 211 ms
[05:43:48] [Server thread/INFO]: Preparing start region for dimension minecraft:the_end
[05:43:48] [Server thread/INFO]: Time elapsed: 124 ms
[05:43:48] [Server thread/INFO]: [spark] Starting background profiler...
[05:43:48] [Server thread/INFO]: Done preparing level "world" (2.428s)
[05:43:48] [Server thread/INFO]: Running delayed init tasks
[05:43:48] [Server thread/INFO]: Done (12.249s)! For help, type "help"
[05:43:48] [Server thread/INFO]: Timings Reset
[05:44:35] [User Authenticator #0/INFO]: UUID of player elestress is c822d479-2e70-38ca-a25f-ec926c18f7d8
[05:44:36] [Server thread/INFO]: elestress joined the game
[05:44:37] [Server thread/INFO]: elestress[/[0:0:0:0:0:0:0:1%0]:48942] logged in with entity id 24 at ([world]-5.5, 64.0, 8.5)
[05:45:29] [User Authenticator #0/INFO]: UUID of player elestress is c822d479-2e70-38ca-a25f-ec926c18f7d8
[05:45:29] [Server thread/INFO]: elestress lost connection: You logged in from another location
[05:45:29] [Server thread/INFO]: elestress left the game
[05:45:31] [Server thread/INFO]: elestress joined the game
[05:45:31] [Server thread/INFO]: elestress[/[0:0:0:0:0:0:0:1%0]:32854] logged in with entity id 749 at ([world]-90.0711658612044, 70.0, 93.62986470501687)
[05:47:41] [Server thread/INFO]: Stopping server
[05:47:41] [Server thread/INFO]: Saving players
[05:47:41] [Server thread/INFO]: elestress lost connection: Server closed
[05:47:41] [Server thread/INFO]: elestress left the game
[05:47:41] [Server thread/INFO]: Saving worlds
[05:47:41] [Server thread/INFO]: Saving chunks for level 'ServerLevel[world]'/minecraft:overworld
[05:47:41] [Server thread/INFO]: [ChunkHolderManager] Waiting 60s for chunk system to halt for world 'world'
[05:47:41] [Server thread/INFO]: [ChunkHolderManager] Halted chunk system for world 'world'
[05:47:41] [Server thread/INFO]: [ChunkHolderManager] Saving all chunkholders for world 'world'
[05:47:43] [Server thread/INFO]: [ChunkHolderManager] Saved 2267 block chunks, 1121 entity chunks, 24 poi chunks in world 'world' in 2.29s
[05:47:43] [Server thread/INFO]: Saving chunks for level 'ServerLevel[world_nether]'/minecraft:the_nether
[05:47:43] [Server thread/INFO]: [ChunkHolderManager] Waiting 60s for chunk system to halt for world 'world_nether'
[05:47:43] [Server thread/INFO]: [ChunkHolderManager] Halted chunk system for world 'world_nether'
[05:47:43] [Server thread/INFO]: [ChunkHolderManager] Saving all chunkholders for world 'world_nether'
[05:47:43] [Server thread/INFO]: [ChunkHolderManager] Saved 49 block chunks, 49 entity chunks, 0 poi chunks in world 'world_nether' in 0.07s
[05:47:43] [Server thread/INFO]: Saving chunks for level 'ServerLevel[world_the_end]'/minecraft:the_end
[05:47:43] [Server thread/INFO]: [ChunkHolderManager] Waiting 60s for chunk system to halt for world 'world_the_end'
[05:47:43] [Server thread/INFO]: [ChunkHolderManager] Halted chunk system for world 'world_the_end'
[05:47:43] [Server thread/INFO]: [ChunkHolderManager] Saving all chunkholders for world 'world_the_end'
[05:47:43] [Server thread/INFO]: [ChunkHolderManager] Saved 49 block chunks, 49 entity chunks, 0 poi chunks in world 'world_the_end' in 0.02s
[05:47:43] [Server thread/INFO]: ThreadedAnvilChunkStorage (world): All chunks are saved
[05:47:43] [Server thread/INFO]: ThreadedAnvilChunkStorage (DIM-1): All chunks are saved
[05:47:43] [Server thread/INFO]: ThreadedAnvilChunkStorage (DIM1): All chunks are saved
[05:47:43] [Server thread/INFO]: ThreadedAnvilChunkStorage: All dimensions are saved
